\BOOKMARK [0][-]{chapter.1}{\376\377\000I\000n\000t\000r\000o\000d\000u\000c\000c\000i\000\363\000n\000\040\000y\000\040\000c\000r\000i\000t\000e\000r\000i\000o\000\040\000d\000e\000\040\000r\000e\000c\000o\000n\000s\000t\000r\000u\000c\000c\000i\000\363\000n}{}% 1
\BOOKMARK [1][-]{section.1.1}{\376\377\000O\000b\000j\000e\000t\000i\000v\000o}{chapter.1}% 2
\BOOKMARK [1][-]{section.1.2}{\376\377\000F\000u\000e\000n\000t\000e\000s\000\040\000u\000t\000i\000l\000i\000z\000a\000d\000a\000s}{chapter.1}% 3
\BOOKMARK [1][-]{section.1.3}{\376\377\000D\000e\000l\000i\000m\000i\000t\000a\000c\000i\000\363\000n\000\040\000d\000e\000l\000\040\000r\000a\000n\000g\000o}{chapter.1}% 4
\BOOKMARK [1][-]{section.1.4}{\376\377\000A\000d\000v\000e\000r\000t\000e\000n\000c\000i\000a\000\040\000d\000e\000\040\000a\000t\000r\000i\000b\000u\000c\000i\000\363\000n}{chapter.1}% 5
\BOOKMARK [0][-]{chapter.2}{\376\377\000P\000a\000n\000o\000r\000a\000m\000a\000\040\000g\000e\000n\000e\000r\000a\000l\000\040\000d\000e\000l\000\040\000t\000r\000a\000b\000a\000j\000o\000\040\000r\000e\000a\000l\000i\000z\000a\000d\000o}{}% 6
\BOOKMARK [1][-]{section.2.1}{\376\377\000R\000e\000s\000u\000m\000e\000n\000\040\000e\000j\000e\000c\000u\000t\000i\000v\000o}{chapter.2}% 7
\BOOKMARK [1][-]{section.2.2}{\376\377\000C\000o\000m\000m\000i\000t\000s\000\040\000e\000s\000t\000r\000u\000c\000t\000u\000r\000a\000n\000t\000e\000s}{chapter.2}% 8
\BOOKMARK [0][-]{chapter.3}{\376\377\000A\000u\000t\000e\000n\000t\000i\000c\000a\000c\000i\000\363\000n\000\040\000y\000\040\000c\000i\000c\000l\000o\000\040\000d\000e\000\040\000c\000u\000e\000n\000t\000a}{}% 9
\BOOKMARK [1][-]{section.3.1}{\376\377\000B\000a\000s\000e\000\040\000d\000e\000l\000\040\000f\000l\000u\000j\000o\000\040\000d\000e\000\040\000a\000u\000t\000e\000n\000t\000i\000c\000a\000c\000i\000\363\000n}{chapter.3}% 10
\BOOKMARK [1][-]{section.3.2}{\376\377\000M\000e\000j\000o\000r\000a\000s\000\040\000d\000e\000\040\000U\000X\000\040\000y\000\040\000c\000o\000n\000s\000o\000l\000i\000d\000a\000c\000i\000\363\000n\000\040\000v\000i\000s\000u\000a\000l}{chapter.3}% 11
\BOOKMARK [1][-]{section.3.3}{\376\377\000L\000o\000g\000i\000n\000\040\000p\000o\000r\000\040\000e\000m\000a\000i\000l}{chapter.3}% 12
\BOOKMARK [1][-]{section.3.4}{\376\377\000C\000l\000a\000i\000m\000\040\000d\000e\000\040\000c\000u\000e\000n\000t\000a\000s\000\040\000l\000e\000g\000a\000c\000y\000\040\000y\000\040\000r\000e\000s\000e\000t\000\040\000d\000e\000\040\000p\000a\000s\000s\000w\000o\000r\000d}{chapter.3}% 13
\BOOKMARK [1][-]{section.3.5}{\376\377\000H\000a\000r\000d\000e\000n\000i\000n\000g\000\040\000d\000e\000\040\000r\000e\000m\000e\000m\000b\000e\000r\000-\000m\000e\000\040\000y\000\040\000c\000a\000m\000b\000i\000o\000\040\000d\000e\000\040\000i\000d\000i\000o\000m\000a}{chapter.3}% 14
\BOOKMARK [1][-]{section.3.6}{\376\377\000R\000e\000g\000i\000s\000t\000r\000o\000\040\000u\000n\000i\000f\000i\000c\000a\000d\000o}{chapter.3}% 15
\BOOKMARK [1][-]{section.3.7}{\376\377\000V\000e\000r\000i\000f\000i\000c\000a\000c\000i\000\363\000n\000\040\000p\000o\000r\000\040\000c\000o\000r\000r\000e\000o\000\040\000y\000\040\000a\000u\000t\000o\000l\000o\000g\000i\000n}{chapter.3}% 16
\BOOKMARK [2][-]{subsection.3.7.1}{\376\377\000C\000\363\000m\000o\000\040\000s\000e\000\040\000g\000e\000n\000e\000r\000a\000\040\000e\000l\000\040\000t\000o\000k\000e\000n\000\040\000d\000e\000\040\000c\000o\000n\000f\000i\000r\000m\000a\000c\000i\000\363\000n}{section.3.7}% 17
\BOOKMARK [2][-]{subsection.3.7.2}{\376\377\000D\000\363\000n\000d\000e\000\040\000q\000u\000e\000d\000a\000\040\000p\000e\000r\000s\000i\000s\000t\000i\000d\000o\000\040\000y\000\040\000c\000u\000\341\000n\000d\000o\000\040\000v\000e\000n\000c\000e}{section.3.7}% 18
\BOOKMARK [2][-]{subsection.3.7.3}{\376\377\000Q\000u\000\351\000\040\000h\000a\000c\000e\000\040\000e\000x\000a\000c\000t\000a\000m\000e\000n\000t\000e\000\040\000l\000a\000\040\000r\000u\000t\000a\000\040\000d\000e\000\040\000c\000o\000n\000f\000i\000r\000m\000a\000c\000i\000\363\000n}{section.3.7}% 19
\BOOKMARK [2][-]{subsection.3.7.4}{\376\377\000R\000e\000e\000n\000v\000\355\000o\000\040\000y\000\040\000s\000i\000m\000e\000t\000r\000\355\000a\000\040\000c\000o\000n\000\040\000c\000l\000a\000i\000m\000\040\000y\000\040\000p\000a\000s\000s\000w\000o\000r\000d\000\040\000r\000e\000s\000e\000t}{section.3.7}% 20
\BOOKMARK [2][-]{subsection.3.7.5}{\376\377\000E\000v\000i\000d\000e\000n\000c\000i\000a\000\040\000m\000a\000n\000u\000a\000l\000\040\000i\000n\000c\000o\000r\000p\000o\000r\000a\000d\000a\000\040\000a\000l\000\040\000i\000n\000f\000o\000r\000m\000e}{section.3.7}% 21
\BOOKMARK [1][-]{section.3.8}{\376\377\000C\000a\000m\000b\000i\000o\000\040\000d\000e\000\040\000p\000a\000s\000s\000w\000o\000r\000d\000\040\000y\000\040\000b\000o\000r\000r\000a\000d\000o\000\040\000d\000e\000\040\000c\000u\000e\000n\000t\000a\000\040\000d\000e\000s\000d\000e\000\040\000p\000e\000r\000f\000i\000l}{chapter.3}% 22
\BOOKMARK [0][-]{chapter.4}{\376\377\000P\000e\000r\000f\000i\000l\000e\000s\000,\000\040\000r\000e\000v\000i\000e\000w\000s\000\040\000y\000\040\000l\000i\000s\000t\000a\000s\000\040\000p\000e\000r\000s\000o\000n\000a\000l\000e\000s}{}% 23
\BOOKMARK [1][-]{section.4.1}{\376\377\000P\000e\000r\000f\000i\000l\000\040\000p\000r\000o\000p\000i\000o\000\040\000y\000\040\000p\000e\000r\000f\000i\000l\000\040\000a\000j\000e\000n\000o}{chapter.4}% 24
\BOOKMARK [1][-]{section.4.2}{\376\377\000R\000e\000v\000i\000e\000w\000s\000\040\000v\000e\000r\000i\000f\000i\000c\000a\000d\000a\000s}{chapter.4}% 25
\BOOKMARK [1][-]{section.4.3}{\376\377\000A\000v\000a\000t\000a\000r\000\040\000p\000o\000r\000\040\000d\000e\000f\000e\000c\000t\000o\000\040\000y\000\040\000p\000r\000e\000s\000e\000n\000t\000a\000c\000i\000\363\000n\000\040\000d\000e\000\040\000r\000e\000v\000i\000e\000w\000e\000r}{chapter.4}% 26
\BOOKMARK [1][-]{section.4.4}{\376\377\000R\000e\000s\000t\000a\000u\000r\000a\000n\000t\000e\000s\000\040\000g\000u\000a\000r\000d\000a\000d\000o\000s}{chapter.4}% 27
\BOOKMARK [2][-]{subsection.4.4.1}{\376\377\000C\000\363\000m\000o\000\040\000s\000e\000\040\000i\000m\000p\000l\000e\000m\000e\000n\000t\000a\000\040\000e\000l\000\040\000g\000u\000a\000r\000d\000a\000d\000o}{section.4.4}% 28
\BOOKMARK [2][-]{subsection.4.4.2}{\376\377\000E\000v\000i\000d\000e\000n\000c\000i\000a\000\040\000m\000a\000n\000u\000a\000l}{section.4.4}% 29
\BOOKMARK [1][-]{section.4.5}{\376\377\000P\000a\000g\000i\000n\000a\000c\000i\000\363\000n\000\040\000c\000o\000n\000f\000i\000g\000u\000r\000a\000b\000l\000e\000\040\000e\000n\000\040\000p\000e\000r\000f\000i\000l\000e\000s}{chapter.4}% 30
\BOOKMARK [0][-]{chapter.5}{\376\377\000D\000a\000s\000h\000b\000o\000a\000r\000d\000\040\000o\000w\000n\000e\000r\000,\000\040\000m\000o\000d\000e\000r\000a\000c\000i\000\363\000n\000\040\000a\000d\000m\000i\000n\000\040\000y\000\040\000c\000i\000c\000l\000o\000\040\000d\000e\000\040\000r\000e\000s\000t\000a\000u\000r\000a\000n\000t\000e}{}% 31
\BOOKMARK [1][-]{section.5.1}{\376\377\000D\000a\000s\000h\000b\000o\000a\000r\000d\000\040\000o\000w\000n\000e\000r\000\040\000y\000\040\000m\000o\000d\000e\000r\000a\000c\000i\000\363\000n\000\040\000i\000n\000i\000c\000i\000a\000l}{chapter.5}% 32
\BOOKMARK [2][-]{subsection.5.1.1}{\376\377\000Q\000u\000\351\000\040\000h\000a\000c\000e\000\040\000c\000o\000n\000c\000r\000e\000t\000a\000m\000e\000n\000t\000e\000\040\000e\000l\000\040\000d\000a\000s\000h\000b\000o\000a\000r\000d\000\040\000o\000w\000n\000e\000r}{section.5.1}% 33
\BOOKMARK [1][-]{section.5.2}{\376\377\000A\000s\000i\000g\000n\000a\000c\000i\000\363\000n\000\040\000d\000e\000\040\000r\000e\000s\000t\000a\000u\000r\000a\000n\000t\000e\000s\000\040\000h\000u\000\351\000r\000f\000a\000n\000o\000s}{chapter.5}% 34
\BOOKMARK [1][-]{section.5.3}{\376\377\000A\000p\000r\000o\000b\000a\000c\000i\000\363\000n\000,\000\040\000r\000e\000c\000h\000a\000z\000o\000\040\000y\000\040\000r\000e\000e\000n\000v\000\355\000o\000\040\000a\000\040\000p\000e\000n\000d\000i\000n\000g}{chapter.5}% 35
\BOOKMARK [2][-]{subsection.5.3.1}{\376\377\000C\000\363\000m\000o\000\040\000s\000e\000\040\000m\000o\000d\000e\000l\000\363\000\040\000e\000l\000\040\000c\000i\000c\000l\000o\000\040\000d\000e\000\040\000e\000s\000t\000a\000d\000o\000s}{section.5.3}% 36
\BOOKMARK [2][-]{subsection.5.3.2}{\376\377\000W\000i\000z\000a\000r\000d\000\040\000d\000e\000\040\000a\000l\000t\000a\000/\000e\000d\000i\000c\000i\000\363\000n}{section.5.3}% 37
\BOOKMARK [2][-]{subsection.5.3.3}{\376\377\000E\000v\000i\000d\000e\000n\000c\000i\000a\000\040\000m\000a\000n\000u\000a\000l\000\040\000d\000e\000\040\000a\000d\000m\000i\000n}{section.5.3}% 38
\BOOKMARK [1][-]{section.5.4}{\376\377\000P\000r\000e\000v\000i\000e\000w\000\040\000d\000e\000l\000\040\000r\000e\000s\000t\000a\000u\000r\000a\000n\000t\000e\000\040\000d\000e\000s\000d\000e\000\040\000o\000w\000n\000e\000r}{chapter.5}% 39
\BOOKMARK [1][-]{section.5.5}{\376\377\000S\000e\000p\000a\000r\000a\000c\000i\000\363\000n\000\040\000d\000e\000\040\000e\000d\000i\000c\000i\000\363\000n\000:\000\040\000r\000e\000s\000t\000a\000u\000r\000a\000n\000t\000e\000,\000\040\000m\000e\000n\000\372\000\040\000y\000\040\000r\000e\000s\000e\000r\000v\000a\000s}{chapter.5}% 40
\BOOKMARK [1][-]{section.5.6}{\376\377\000M\000e\000n\000\372\000\040\000e\000n\000r\000i\000q\000u\000e\000c\000i\000d\000o\000\040\000c\000o\000n\000\040\000d\000e\000s\000c\000r\000i\000p\000c\000i\000\363\000n\000\040\000e\000\040\000i\000m\000a\000g\000e\000n\000\040\000p\000o\000r\000\040\000p\000l\000a\000t\000o}{chapter.5}% 41
\BOOKMARK [1][-]{section.5.7}{\376\377\000O\000t\000r\000a\000s\000\040\000m\000e\000j\000o\000r\000a\000s\000\040\000s\000o\000b\000r\000e\000\040\000e\000l\000\040\000c\000i\000c\000l\000o\000\040\000d\000e\000\040\000r\000e\000s\000t\000a\000u\000r\000a\000n\000t\000e}{chapter.5}% 42
\BOOKMARK [0][-]{chapter.6}{\376\377\000S\000i\000s\000t\000e\000m\000a\000\040\000d\000e\000\040\000r\000e\000s\000e\000r\000v\000a\000s}{}% 43
\BOOKMARK [1][-]{section.6.1}{\376\377\000V\000i\000s\000i\000\363\000n\000\040\000g\000e\000n\000e\000r\000a\000l}{chapter.6}% 44
\BOOKMARK [1][-]{section.6.2}{\376\377\000F\000a\000s\000e\000\040\0001\000:\000\040\000m\000o\000d\000e\000l\000o\000,\000\040\000s\000c\000h\000e\000m\000a\000\040\000y\000\040\000p\000e\000r\000s\000i\000s\000t\000e\000n\000c\000i\000a\000\040\000b\000a\000s\000e}{chapter.6}% 45
\BOOKMARK [1][-]{section.6.3}{\376\377\000F\000a\000s\000e\000\040\0002\000:\000\040\000c\000o\000n\000f\000i\000g\000u\000r\000a\000c\000i\000\363\000n\000\040\000d\000e\000\040\000r\000e\000s\000e\000r\000v\000a\000s\000\040\000d\000e\000n\000t\000r\000o\000\040\000d\000e\000l\000\040\000r\000e\000s\000t\000a\000u\000r\000a\000n\000t\000e}{chapter.6}% 46
\BOOKMARK [1][-]{section.6.4}{\376\377\000F\000a\000s\000e\000\040\0003\000:\000\040\000d\000i\000s\000p\000o\000n\000i\000b\000i\000l\000i\000d\000a\000d\000\040\000y\000\040\000a\000s\000i\000g\000n\000a\000c\000i\000\363\000n\000\040\000a\000u\000t\000o\000m\000\341\000t\000i\000c\000a}{chapter.6}% 47
\BOOKMARK [2][-]{subsection.6.4.1}{\376\377\000C\000\363\000m\000o\000\040\000s\000e\000\040\000c\000a\000l\000c\000u\000l\000a\000n\000\040\000l\000o\000s\000\040\000s\000l\000o\000t\000s}{section.6.4}% 48
\BOOKMARK [1][-]{section.6.5}{\376\377\000F\000a\000s\000e\000\040\0004\000:\000\040\000c\000r\000e\000a\000c\000i\000\363\000n\000\040\000d\000e\000\040\000r\000e\000s\000e\000r\000v\000a\000s\000\040\000d\000e\000s\000d\000e\000\040\000e\000l\000\040\000d\000e\000t\000a\000l\000l\000e\000\040\000d\000e\000l\000\040\000r\000e\000s\000t\000a\000u\000r\000a\000n\000t\000e}{chapter.6}% 49
\BOOKMARK [2][-]{subsection.6.5.1}{\376\377\000C\000\363\000m\000o\000\040\000f\000l\000u\000y\000e\000\040\000u\000n\000a\000\040\000r\000e\000s\000e\000r\000v\000a\000\040\000d\000e\000\040\000p\000u\000n\000t\000a\000\040\000a\000\040\000p\000u\000n\000t\000a}{section.6.5}% 50
\BOOKMARK [1][-]{section.6.6}{\376\377\000F\000a\000s\000e\000\040\0005\000:\000\040\000g\000e\000s\000t\000i\000\363\000n\000\040\000d\000e\000\040\000r\000e\000s\000e\000r\000v\000a\000s\000\040\000p\000o\000r\000\040\000p\000a\000r\000t\000e\000\040\000d\000e\000l\000\040\000u\000s\000u\000a\000r\000i\000o}{chapter.6}% 51
\BOOKMARK [1][-]{section.6.7}{\376\377\000F\000a\000s\000e\000\040\0006\000:\000\040\000g\000e\000s\000t\000i\000\363\000n\000\040\000o\000w\000n\000e\000r\000\040\000d\000e\000\040\000r\000e\000s\000e\000r\000v\000a\000s}{chapter.6}% 52
\BOOKMARK [2][-]{subsection.6.7.1}{\376\377\000C\000o\000n\000f\000i\000r\000m\000a\000c\000i\000\363\000n\000,\000\040\000c\000a\000n\000c\000e\000l\000a\000c\000i\000\363\000n\000\040\000y\000\040\000r\000e\000a\000s\000i\000g\000n\000a\000c\000i\000\363\000n}{section.6.7}% 53
\BOOKMARK [1][-]{section.6.8}{\376\377\000F\000a\000s\000e\000\040\0007\000:\000\040\000s\000c\000h\000e\000d\000u\000l\000e\000r\000\040\000d\000e\000\040\000e\000x\000p\000i\000r\000a\000c\000i\000\363\000n\000\040\000y\000\040\000c\000o\000m\000p\000l\000e\000t\000a\000d\000o}{chapter.6}% 54
\BOOKMARK [1][-]{section.6.9}{\376\377\000F\000a\000s\000e\000\040\0008\000:\000\040\000m\000a\000i\000l\000s\000\040\000t\000r\000a\000n\000s\000a\000c\000c\000i\000o\000n\000a\000l\000e\000s\000\040\000y\000\040\000r\000e\000c\000o\000r\000d\000a\000t\000o\000r\000i\000o\000\040\000d\000i\000a\000r\000i\000o}{chapter.6}% 55
\BOOKMARK [1][-]{section.6.10}{\376\377\000F\000a\000s\000e\000\040\0009\000:\000\040\000r\000e\000v\000i\000e\000w\000s\000\040\000v\000e\000r\000i\000f\000i\000c\000a\000d\000a\000s\000\040\000l\000i\000g\000a\000d\000a\000s\000\040\000a\000\040\000r\000e\000s\000e\000r\000v\000a\000s}{chapter.6}% 56
\BOOKMARK [2][-]{subsection.6.10.1}{\376\377\000C\000\363\000m\000o\000\040\000s\000e\000\040\000h\000a\000b\000i\000l\000i\000t\000a\000\040\000l\000a\000\040\000r\000e\000s\000e\000\361\000a\000\040\000v\000e\000r\000i\000f\000i\000c\000a\000d\000a}{section.6.10}% 57
\BOOKMARK [2][-]{subsection.6.10.2}{\376\377\000E\000v\000i\000d\000e\000n\000c\000i\000a\000\040\000m\000a\000n\000u\000a\000l}{section.6.10}% 58
\BOOKMARK [1][-]{section.6.11}{\376\377\000F\000a\000s\000e\000\040\0001\0000\000:\000\040\000h\000a\000r\000d\000e\000n\000i\000n\000g\000\040\000f\000i\000n\000a\000l}{chapter.6}% 59
\BOOKMARK [1][-]{section.6.12}{\376\377\000P\000r\000o\000b\000l\000e\000m\000a\000s\000\040\000e\000n\000c\000o\000n\000t\000r\000a\000d\000o\000s\000\040\000d\000u\000r\000a\000n\000t\000e\000\040\000l\000a\000\040\000i\000m\000p\000l\000e\000m\000e\000n\000t\000a\000c\000i\000\363\000n}{chapter.6}% 60
\BOOKMARK [0][-]{chapter.7}{\376\377\000M\000a\000i\000l\000i\000n\000g\000,\000\040\000l\000o\000g\000s\000\040\000y\000\040\000e\000v\000i\000d\000e\000n\000c\000i\000a\000\040\000d\000e\000\040\000e\000j\000e\000c\000u\000c\000i\000\363\000n}{}% 61
\BOOKMARK [1][-]{section.7.1}{\376\377\000M\000a\000i\000l\000s\000\040\000d\000e\000\040\000n\000e\000g\000o\000c\000i\000o\000\040\000f\000u\000e\000r\000a\000\040\000d\000e\000l\000\040\000s\000i\000s\000t\000e\000m\000a\000\040\000d\000e\000\040\000r\000e\000s\000e\000r\000v\000a\000s}{chapter.7}% 62
\BOOKMARK [1][-]{section.7.2}{\376\377\000U\000s\000o\000\040\000d\000e\000l\000\040\000l\000o\000c\000a\000l\000e\000\040\000d\000e\000l\000\040\000d\000e\000s\000t\000i\000n\000a\000t\000a\000r\000i\000o}{chapter.7}% 63
\BOOKMARK [1][-]{section.7.3}{\376\377\000E\000v\000i\000d\000e\000n\000c\000i\000a\000\040\000e\000n\000\040\000l\000o\000g\000s}{chapter.7}% 64
\BOOKMARK [0][-]{chapter.8}{\376\377\000E\000x\000p\000l\000o\000r\000e\000,\000\040\000p\000a\000g\000i\000n\000a\000c\000i\000\363\000n\000\040\000y\000\040\000e\000x\000p\000e\000r\000i\000e\000n\000c\000i\000a\000\040\000d\000e\000\040\000l\000i\000s\000t\000a\000s}{}% 65
\BOOKMARK [1][-]{section.8.1}{\376\377\000P\000e\000r\000s\000i\000s\000t\000e\000n\000c\000i\000a\000\040\000m\000u\000t\000u\000a\000\040\000e\000n\000t\000r\000e\000\040\000b\000\372\000s\000q\000u\000e\000d\000a\000\040\000y\000\040\000f\000i\000l\000t\000r\000o\000s}{chapter.8}% 66
\BOOKMARK [1][-]{section.8.2}{\376\377\000T\000a\000m\000a\000\361\000o\000\040\000d\000e\000\040\000p\000\341\000g\000i\000n\000a\000\040\000f\000i\000j\000o\000\040\000p\000e\000r\000o\000\040\000c\000o\000n\000f\000i\000g\000u\000r\000a\000b\000l\000e}{chapter.8}% 67
\BOOKMARK [1][-]{section.8.3}{\376\377\000C\000o\000n\000t\000r\000o\000l\000e\000s\000\040\000d\000e\000\040\000p\000a\000g\000i\000n\000a\000c\000i\000\363\000n\000\040\000m\000\341\000s\000\040\000r\000i\000c\000o\000s}{chapter.8}% 68
\BOOKMARK [1][-]{section.8.4}{\376\377\000S\000o\000b\000r\000e\000\040\000l\000a\000s\000\040\000s\000t\000o\000r\000i\000e\000s\000\040\000d\000e\000\040\000f\000i\000l\000t\000r\000o\000s\000,\000\040\000o\000r\000d\000e\000n\000\040\000y\000\040\000r\000a\000n\000g\000o\000\040\000d\000e\000\040\000p\000r\000e\000c\000i\000o\000s}{chapter.8}% 69
\BOOKMARK [0][-]{chapter.9}{\376\377\000H\000a\000r\000d\000e\000n\000i\000n\000g\000\040\000t\000r\000a\000n\000s\000v\000e\000r\000s\000a\000l\000\040\000y\000\040\000l\000i\000m\000p\000i\000e\000z\000a\000\040\000a\000r\000q\000u\000i\000t\000e\000c\000t\000\363\000n\000i\000c\000a}{}% 70
\BOOKMARK [1][-]{section.9.1}{\376\377\000C\000o\000n\000t\000r\000o\000l\000\040\000d\000e\000\040\000a\000c\000c\000e\000s\000o\000\040\000d\000e\000c\000l\000a\000r\000a\000t\000i\000v\000o}{chapter.9}% 71
\BOOKMARK [1][-]{section.9.2}{\376\377\000V\000a\000l\000i\000d\000a\000c\000i\000\363\000n\000\040\000d\000e\000c\000l\000a\000r\000a\000t\000i\000v\000a\000\040\000e\000\040\000i\000n\000l\000i\000n\000e}{chapter.9}% 72
\BOOKMARK [1][-]{section.9.3}{\376\377\000L\000\355\000m\000i\000t\000e\000s\000\040\000d\000e\000\040\000i\000n\000p\000u\000t\000\040\000y\000\040\000r\000e\000q\000u\000e\000s\000t\000\040\000l\000e\000n\000g\000t\000h}{chapter.9}% 73
\BOOKMARK [1][-]{section.9.4}{\376\377\000C\000o\000r\000r\000e\000c\000c\000i\000o\000n\000e\000s\000\040\000d\000e\000\040\000p\000e\000r\000s\000i\000s\000t\000e\000n\000c\000i\000a\000\040\000y\000\040\000m\000a\000p\000e\000o}{chapter.9}% 74
\BOOKMARK [1][-]{section.9.5}{\376\377\000E\000r\000r\000o\000r\000e\000s\000,\000\040\000l\000o\000g\000g\000i\000n\000g\000\040\000y\000\040\000p\000a\000c\000k\000a\000g\000i\000n\000g}{chapter.9}% 75
\BOOKMARK [0][-]{chapter.10}{\376\377\000Q\000A\000\040\000m\000a\000n\000u\000a\000l\000\040\000e\000j\000e\000c\000u\000t\000a\000d\000o\000\040\000p\000a\000r\000a\000\040\000e\000s\000t\000a\000\040\000v\000e\000r\000s\000i\000\363\000n\000\040\000d\000e\000l\000\040\000i\000n\000f\000o\000r\000m\000e}{}% 76
\BOOKMARK [1][-]{section.10.1}{\376\377\000O\000b\000j\000e\000t\000i\000v\000o}{chapter.10}% 77
\BOOKMARK [1][-]{section.10.2}{\376\377\000U\000s\000u\000a\000r\000i\000o\000s\000\040\000y\000\040\000c\000o\000n\000t\000e\000x\000t\000o\000\040\000u\000s\000a\000d\000o\000s}{chapter.10}% 78
\BOOKMARK [1][-]{section.10.3}{\376\377\000R\000e\000s\000u\000l\000t\000a\000d\000o\000\040\000d\000e\000\040\000l\000o\000s\000\040\000c\000h\000e\000c\000k\000s}{chapter.10}% 79
\BOOKMARK [1][-]{section.10.4}{\376\377\000A\000c\000l\000a\000r\000a\000c\000i\000\363\000n\000\040\000s\000o\000b\000r\000e\000\040\000e\000l\000\040\000c\000i\000e\000r\000r\000e\000\040\000d\000e\000\040\000l\000a\000\040\000r\000e\000s\000e\000r\000v\000a}{chapter.10}% 80
\BOOKMARK [1][-]{section.10.5}{\376\377\000E\000v\000i\000d\000e\000n\000c\000i\000a\000\040\000t\000\351\000c\000n\000i\000c\000a\000\040\000c\000o\000m\000p\000l\000e\000m\000e\000n\000t\000a\000r\000i\000a}{chapter.10}% 81
\BOOKMARK [0][-]{chapter.11}{\376\377\000M\000a\000t\000r\000i\000z\000\040\000d\000e\000\040\000s\000t\000o\000r\000i\000e\000s\000\040\000d\000e\000l\000\040\000t\000a\000b\000l\000e\000r\000o\000\040\000c\000a\000p\000t\000u\000r\000a\000d\000o}{}% 82
\BOOKMARK [1][-]{section.11.1}{\376\377\000L\000e\000c\000t\000u\000r\000a\000\040\000d\000e\000\040\000l\000a\000\040\000m\000a\000t\000r\000i\000z}{chapter.11}% 83
\BOOKMARK [0][-]{chapter.12}{\376\377\000C\000o\000n\000c\000l\000u\000s\000i\000o\000n\000e\000s}{}% 84
\BOOKMARK [1][-]{section.12.1}{\376\377\000B\000a\000l\000a\000n\000c\000e}{chapter.12}% 85
\BOOKMARK [1][-]{section.12.2}{\376\377\000C\000h\000e\000c\000k\000s\000\040\000m\000a\000n\000u\000a\000l\000e\000s\000\040\000q\000u\000e\000\040\000s\000i\000g\000u\000e\000n\000\040\000s\000i\000e\000n\000d\000o\000\040\000r\000e\000l\000e\000v\000a\000n\000t\000e\000s}{chapter.12}% 86
\BOOKMARK [1][-]{section.12.3}{\376\377\000S\000i\000g\000u\000i\000e\000n\000t\000e\000\040\000v\000e\000r\000s\000i\000\363\000n\000\040\000s\000u\000g\000e\000r\000i\000d\000a\000\040\000d\000e\000l\000\040\000i\000n\000f\000o\000r\000m\000e}{chapter.12}% 87
